<?xml version="1.0" encoding="UTF-8"?>
<testng-results ignored="0" total="1" passed="1" failed="0" skipped="0">
  <reporter-output>
  </reporter-output>
  <suite started-at="2024-01-31T08:37:24 PST" name="Default suite" finished-at="2024-01-31T08:37:57 PST" duration-ms="33242">
    <groups>
    </groups>
    <test started-at="2024-01-31T08:37:24 PST" name="Default test" finished-at="2024-01-31T08:37:57 PST" duration-ms="33242">
      <class name="tests.HomePageTest">
        <test-method is-config="true" signature="startServer()[pri:0, instance:tests.HomePageTest@302c971f]" started-at="2024-01-31T08:37:24 PST" name="startServer" finished-at="2024-01-31T08:37:28 PST" duration-ms="4252" status="PASS">
          <reporter-output>
          </reporter-output>
        </test-method> <!-- startServer -->
        <test-method signature="addProductToCart()[pri:0, instance:tests.HomePageTest@302c971f]" started-at="2024-01-31T08:37:28 PST" name="addProductToCart" finished-at="2024-01-31T08:37:57 PST" duration-ms="28900" status="PASS">
          <reporter-output>
          </reporter-output>
        </test-method> <!-- addProductToCart -->
        <test-method is-config="true" signature="tearDown()[pri:0, instance:tests.HomePageTest@302c971f]" started-at="2024-01-31T08:37:57 PST" name="tearDown" finished-at="2024-01-31T08:37:57 PST" duration-ms="6" status="PASS">
          <reporter-output>
          </reporter-output>
        </test-method> <!-- tearDown -->
      </class> <!-- tests.HomePageTest -->
    </test> <!-- Default test -->
  </suite> <!-- Default suite -->
</testng-results>
